{"name":"hexo","hostname":"vincedeiMac.local","pid":1598,"level":20,"msg":"Hexo version: \u001b[35m3.2.2\u001b[39m","time":"2016-08-22T09:02:57.380Z","v":0}
{"name":"hexo","hostname":"vincedeiMac.local","pid":1598,"level":20,"msg":"Working directory: \u001b[35m~/blog/\u001b[39m","time":"2016-08-22T09:02:57.383Z","v":0}
{"name":"hexo","hostname":"vincedeiMac.local","pid":1598,"level":20,"msg":"Config loaded: \u001b[35m~/blog/_config.yml\u001b[39m","time":"2016-08-22T09:02:57.455Z","v":0}
{"name":"hexo","hostname":"vincedeiMac.local","pid":1598,"level":20,"msg":"Plugin loaded: \u001b[35mhexo-deployer-git\u001b[39m","time":"2016-08-22T09:02:57.467Z","v":0}
{"name":"hexo","hostname":"vincedeiMac.local","pid":1598,"level":20,"msg":"Plugin loaded: \u001b[35mhexo-generator-archive\u001b[39m","time":"2016-08-22T09:02:57.469Z","v":0}
{"name":"hexo","hostname":"vincedeiMac.local","pid":1598,"level":20,"msg":"Plugin loaded: \u001b[35mhexo-generator-category\u001b[39m","time":"2016-08-22T09:02:57.470Z","v":0}
{"name":"hexo","hostname":"vincedeiMac.local","pid":1598,"level":20,"msg":"Plugin loaded: \u001b[35mhexo-generator-index\u001b[39m","time":"2016-08-22T09:02:57.471Z","v":0}
{"name":"hexo","hostname":"vincedeiMac.local","pid":1598,"level":20,"msg":"Plugin loaded: \u001b[35mhexo-generator-tag\u001b[39m","time":"2016-08-22T09:02:57.473Z","v":0}
{"name":"hexo","hostname":"vincedeiMac.local","pid":1598,"level":20,"msg":"Plugin loaded: \u001b[35mhexo-renderer-ejs\u001b[39m","time":"2016-08-22T09:02:57.475Z","v":0}
{"name":"hexo","hostname":"vincedeiMac.local","pid":1598,"level":20,"msg":"Plugin loaded: \u001b[35mhexo-renderer-marked\u001b[39m","time":"2016-08-22T09:02:57.479Z","v":0}
{"name":"hexo","hostname":"vincedeiMac.local","pid":1598,"level":20,"msg":"Plugin loaded: \u001b[35mhexo-renderer-stylus\u001b[39m","time":"2016-08-22T09:02:57.481Z","v":0}
{"name":"hexo","hostname":"vincedeiMac.local","pid":1598,"level":20,"msg":"Plugin loaded: \u001b[35mhexo-server\u001b[39m","time":"2016-08-22T09:02:57.523Z","v":0}
{"name":"hexo","hostname":"vincedeiMac.local","pid":1598,"level":20,"msg":"Script loaded: \u001b[35mthemes/next/scripts/merge-configs.js\u001b[39m","time":"2016-08-22T09:02:57.524Z","v":0}
{"name":"hexo","hostname":"vincedeiMac.local","pid":1598,"level":20,"msg":"Script loaded: \u001b[35mthemes/next/scripts/tags/center-quote.js\u001b[39m","time":"2016-08-22T09:02:57.524Z","v":0}
{"name":"hexo","hostname":"vincedeiMac.local","pid":1598,"level":20,"msg":"Script loaded: \u001b[35mthemes/next/scripts/tags/full-image.js\u001b[39m","time":"2016-08-22T09:02:57.525Z","v":0}
{"name":"hexo","hostname":"vincedeiMac.local","pid":1598,"level":20,"msg":"Script loaded: \u001b[35mthemes/next/scripts/tags/group-pictures.js\u001b[39m","time":"2016-08-22T09:02:57.525Z","v":0}
{"name":"hexo","hostname":"vincedeiMac.local","pid":1598,"level":20,"msg":"Loading database.","time":"2016-08-22T09:02:57.532Z","v":0}
{"name":"hexo","hostname":"vincedeiMac.local","pid":1598,"level":30,"msg":"Start processing","time":"2016-08-22T09:02:57.574Z","v":0}
{"name":"hexo","hostname":"vincedeiMac.local","pid":1598,"level":20,"msg":"Processed: \u001b[35m_posts/hello-world.md\u001b[39m","time":"2016-08-22T09:02:57.639Z","v":0}
{"name":"hexo","hostname":"vincedeiMac.local","pid":1598,"level":20,"msg":"Theme config loaded.","time":"2016-08-22T09:02:57.874Z","v":0}
{"name":"hexo","hostname":"vincedeiMac.local","pid":1598,"level":20,"msg":"Processed: \u001b[35m_config.yml\u001b[39m","time":"2016-08-22T09:02:57.879Z","v":0}
{"name":"hexo","hostname":"vincedeiMac.local","pid":1598,"level":20,"msg":"Processed: \u001b[35msource/css/main.styl\u001b[39m","time":"2016-08-22T09:02:57.880Z","v":0}
{"name":"hexo","hostname":"vincedeiMac.local","pid":1598,"level":20,"msg":"Processed: \u001b[35msource/images/avatar.gif\u001b[39m","time":"2016-08-22T09:02:57.880Z","v":0}
{"name":"hexo","hostname":"vincedeiMac.local","pid":1598,"level":20,"msg":"Processed: \u001b[35msource/images/cc-by-nc-nd.svg\u001b[39m","time":"2016-08-22T09:02:57.880Z","v":0}
{"name":"hexo","hostname":"vincedeiMac.local","pid":1598,"level":20,"msg":"Processed: \u001b[35msource/images/cc-by-nc-sa.svg\u001b[39m","time":"2016-08-22T09:02:57.881Z","v":0}
{"name":"hexo","hostname":"vincedeiMac.local","pid":1598,"level":20,"msg":"Processed: \u001b[35msource/images/cc-by-nc.svg\u001b[39m","time":"2016-08-22T09:02:57.881Z","v":0}
{"name":"hexo","hostname":"vincedeiMac.local","pid":1598,"level":20,"msg":"Processed: \u001b[35msource/images/cc-by-nd.svg\u001b[39m","time":"2016-08-22T09:02:57.881Z","v":0}
{"name":"hexo","hostname":"vincedeiMac.local","pid":1598,"level":20,"msg":"Processed: \u001b[35msource/images/cc-by-sa.svg\u001b[39m","time":"2016-08-22T09:02:57.882Z","v":0}
{"name":"hexo","hostname":"vincedeiMac.local","pid":1598,"level":20,"msg":"Processed: \u001b[35msource/images/cc-by.svg\u001b[39m","time":"2016-08-22T09:02:57.882Z","v":0}
{"name":"hexo","hostname":"vincedeiMac.local","pid":1598,"level":20,"msg":"Processed: \u001b[35msource/images/cc-zero.svg\u001b[39m","time":"2016-08-22T09:02:57.883Z","v":0}
{"name":"hexo","hostname":"vincedeiMac.local","pid":1598,"level":20,"msg":"Processed: \u001b[35msource/images/loading.gif\u001b[39m","time":"2016-08-22T09:02:57.883Z","v":0}
{"name":"hexo","hostname":"vincedeiMac.local","pid":1598,"level":20,"msg":"Processed: \u001b[35msource/images/placeholder.gif\u001b[39m","time":"2016-08-22T09:02:57.883Z","v":0}
{"name":"hexo","hostname":"vincedeiMac.local","pid":1598,"level":20,"msg":"Processed: \u001b[35msource/images/quote-l.svg\u001b[39m","time":"2016-08-22T09:02:57.885Z","v":0}
{"name":"hexo","hostname":"vincedeiMac.local","pid":1598,"level":20,"msg":"Processed: \u001b[35msource/images/quote-r.svg\u001b[39m","time":"2016-08-22T09:02:57.885Z","v":0}
{"name":"hexo","hostname":"vincedeiMac.local","pid":1598,"level":20,"msg":"Processed: \u001b[35msource/images/searchicon.png\u001b[39m","time":"2016-08-22T09:02:57.885Z","v":0}
{"name":"hexo","hostname":"vincedeiMac.local","pid":1598,"level":20,"msg":"Processed: \u001b[35mlayout/_layout.swig\u001b[39m","time":"2016-08-22T09:02:58.016Z","v":0}
{"name":"hexo","hostname":"vincedeiMac.local","pid":1598,"level":20,"msg":"Processed: \u001b[35mlayout/archive.swig\u001b[39m","time":"2016-08-22T09:02:58.016Z","v":0}
{"name":"hexo","hostname":"vincedeiMac.local","pid":1598,"level":20,"msg":"Processed: \u001b[35mlayout/category.swig\u001b[39m","time":"2016-08-22T09:02:58.016Z","v":0}
{"name":"hexo","hostname":"vincedeiMac.local","pid":1598,"level":20,"msg":"Processed: \u001b[35mlayout/index.swig\u001b[39m","time":"2016-08-22T09:02:58.017Z","v":0}
{"name":"hexo","hostname":"vincedeiMac.local","pid":1598,"level":20,"msg":"Processed: \u001b[35mlayout/page.swig\u001b[39m","time":"2016-08-22T09:02:58.017Z","v":0}
{"name":"hexo","hostname":"vincedeiMac.local","pid":1598,"level":20,"msg":"Processed: \u001b[35mlayout/post.swig\u001b[39m","time":"2016-08-22T09:02:58.017Z","v":0}
{"name":"hexo","hostname":"vincedeiMac.local","pid":1598,"level":20,"msg":"Processed: \u001b[35mlayout/tag.swig\u001b[39m","time":"2016-08-22T09:02:58.017Z","v":0}
{"name":"hexo","hostname":"vincedeiMac.local","pid":1598,"level":20,"msg":"Processed: \u001b[35mlanguages/de.yml\u001b[39m","time":"2016-08-22T09:02:58.024Z","v":0}
{"name":"hexo","hostname":"vincedeiMac.local","pid":1598,"level":20,"msg":"Processed: \u001b[35mlanguages/default.yml\u001b[39m","time":"2016-08-22T09:02:58.024Z","v":0}
{"name":"hexo","hostname":"vincedeiMac.local","pid":1598,"level":20,"msg":"Processed: \u001b[35mlanguages/en.yml\u001b[39m","time":"2016-08-22T09:02:58.024Z","v":0}
{"name":"hexo","hostname":"vincedeiMac.local","pid":1598,"level":20,"msg":"Processed: \u001b[35mlanguages/id.yml\u001b[39m","time":"2016-08-22T09:02:58.024Z","v":0}
{"name":"hexo","hostname":"vincedeiMac.local","pid":1598,"level":20,"msg":"Processed: \u001b[35mlanguages/fr-FR.yml\u001b[39m","time":"2016-08-22T09:02:58.024Z","v":0}
{"name":"hexo","hostname":"vincedeiMac.local","pid":1598,"level":20,"msg":"Processed: \u001b[35mlanguages/ja.yml\u001b[39m","time":"2016-08-22T09:02:58.024Z","v":0}
{"name":"hexo","hostname":"vincedeiMac.local","pid":1598,"level":20,"msg":"Processed: \u001b[35mlanguages/ko.yml\u001b[39m","time":"2016-08-22T09:02:58.024Z","v":0}
{"name":"hexo","hostname":"vincedeiMac.local","pid":1598,"level":20,"msg":"Processed: \u001b[35mlanguages/pt.yml\u001b[39m","time":"2016-08-22T09:02:58.024Z","v":0}
{"name":"hexo","hostname":"vincedeiMac.local","pid":1598,"level":20,"msg":"Processed: \u001b[35mlanguages/pt-BR.yml\u001b[39m","time":"2016-08-22T09:02:58.024Z","v":0}
{"name":"hexo","hostname":"vincedeiMac.local","pid":1598,"level":20,"msg":"Processed: \u001b[35mlanguages/ru.yml\u001b[39m","time":"2016-08-22T09:02:58.024Z","v":0}
{"name":"hexo","hostname":"vincedeiMac.local","pid":1598,"level":20,"msg":"Processed: \u001b[35mlanguages/zh-hk.yml\u001b[39m","time":"2016-08-22T09:02:58.025Z","v":0}
{"name":"hexo","hostname":"vincedeiMac.local","pid":1598,"level":20,"msg":"Processed: \u001b[35mlanguages/zh-tw.yml\u001b[39m","time":"2016-08-22T09:02:58.025Z","v":0}
{"name":"hexo","hostname":"vincedeiMac.local","pid":1598,"level":20,"msg":"Processed: \u001b[35mlanguages/zh-Hans.yml\u001b[39m","time":"2016-08-22T09:02:58.025Z","v":0}
{"name":"hexo","hostname":"vincedeiMac.local","pid":1598,"level":20,"msg":"Processed: \u001b[35msource/js/src/affix.js\u001b[39m","time":"2016-08-22T09:02:58.025Z","v":0}
{"name":"hexo","hostname":"vincedeiMac.local","pid":1598,"level":20,"msg":"Processed: \u001b[35msource/js/src/bootstrap.js\u001b[39m","time":"2016-08-22T09:02:58.025Z","v":0}
{"name":"hexo","hostname":"vincedeiMac.local","pid":1598,"level":20,"msg":"Processed: \u001b[35msource/js/src/hook-duoshuo.js\u001b[39m","time":"2016-08-22T09:02:58.025Z","v":0}
{"name":"hexo","hostname":"vincedeiMac.local","pid":1598,"level":20,"msg":"Processed: \u001b[35msource/js/src/motion.js\u001b[39m","time":"2016-08-22T09:02:58.025Z","v":0}
{"name":"hexo","hostname":"vincedeiMac.local","pid":1598,"level":20,"msg":"Processed: \u001b[35msource/js/src/post-details.js\u001b[39m","time":"2016-08-22T09:02:58.025Z","v":0}
{"name":"hexo","hostname":"vincedeiMac.local","pid":1598,"level":20,"msg":"Processed: \u001b[35msource/js/src/scrollspy.js\u001b[39m","time":"2016-08-22T09:02:58.026Z","v":0}
{"name":"hexo","hostname":"vincedeiMac.local","pid":1598,"level":20,"msg":"Processed: \u001b[35msource/js/src/utils.js\u001b[39m","time":"2016-08-22T09:02:58.026Z","v":0}
{"name":"hexo","hostname":"vincedeiMac.local","pid":1598,"level":20,"msg":"Processed: \u001b[35msource/vendors/fastclick/LICENSE\u001b[39m","time":"2016-08-22T09:02:58.026Z","v":0}
{"name":"hexo","hostname":"vincedeiMac.local","pid":1598,"level":20,"msg":"Processed: \u001b[35msource/vendors/fastclick/README.md\u001b[39m","time":"2016-08-22T09:02:58.026Z","v":0}
{"name":"hexo","hostname":"vincedeiMac.local","pid":1598,"level":20,"msg":"Processed: \u001b[35msource/vendors/fastclick/bower.json\u001b[39m","time":"2016-08-22T09:02:58.026Z","v":0}
{"name":"hexo","hostname":"vincedeiMac.local","pid":1598,"level":20,"msg":"Processed: \u001b[35msource/vendors/font-awesome/HELP-US-OUT.txt\u001b[39m","time":"2016-08-22T09:02:58.027Z","v":0}
{"name":"hexo","hostname":"vincedeiMac.local","pid":1598,"level":20,"msg":"Processed: \u001b[35msource/vendors/font-awesome/bower.json\u001b[39m","time":"2016-08-22T09:02:58.027Z","v":0}
{"name":"hexo","hostname":"vincedeiMac.local","pid":1598,"level":20,"msg":"Processed: \u001b[35msource/vendors/jquery_lazyload/CONTRIBUTING.md\u001b[39m","time":"2016-08-22T09:02:58.028Z","v":0}
{"name":"hexo","hostname":"vincedeiMac.local","pid":1598,"level":20,"msg":"Processed: \u001b[35msource/vendors/jquery_lazyload/README.md\u001b[39m","time":"2016-08-22T09:02:58.028Z","v":0}
{"name":"hexo","hostname":"vincedeiMac.local","pid":1598,"level":20,"msg":"Processed: \u001b[35msource/vendors/jquery_lazyload/bower.json\u001b[39m","time":"2016-08-22T09:02:58.028Z","v":0}
{"name":"hexo","hostname":"vincedeiMac.local","pid":1598,"level":20,"msg":"Processed: \u001b[35msource/vendors/jquery_lazyload/jquery.lazyload.js\u001b[39m","time":"2016-08-22T09:02:58.029Z","v":0}
{"name":"hexo","hostname":"vincedeiMac.local","pid":1598,"level":20,"msg":"Processed: \u001b[35msource/vendors/jquery_lazyload/jquery.scrollstop.js\u001b[39m","time":"2016-08-22T09:02:58.029Z","v":0}
{"name":"hexo","hostname":"vincedeiMac.local","pid":1598,"level":20,"msg":"Processed: \u001b[35msource/vendors/velocity/bower.json\u001b[39m","time":"2016-08-22T09:02:58.029Z","v":0}
{"name":"hexo","hostname":"vincedeiMac.local","pid":1598,"level":20,"msg":"Processed: \u001b[35msource/vendors/velocity/velocity.min.js\u001b[39m","time":"2016-08-22T09:02:58.030Z","v":0}
{"name":"hexo","hostname":"vincedeiMac.local","pid":1598,"level":20,"msg":"Processed: \u001b[35msource/vendors/velocity/velocity.ui.js\u001b[39m","time":"2016-08-22T09:02:58.030Z","v":0}
{"name":"hexo","hostname":"vincedeiMac.local","pid":1598,"level":20,"msg":"Processed: \u001b[35msource/vendors/velocity/velocity.ui.min.js\u001b[39m","time":"2016-08-22T09:02:58.030Z","v":0}
{"name":"hexo","hostname":"vincedeiMac.local","pid":1598,"level":20,"msg":"Processed: \u001b[35msource/vendors/jquery/index.js\u001b[39m","time":"2016-08-22T09:02:58.040Z","v":0}
{"name":"hexo","hostname":"vincedeiMac.local","pid":1598,"level":20,"msg":"Processed: \u001b[35mlayout/_macro/post-collapse.swig\u001b[39m","time":"2016-08-22T09:02:58.074Z","v":0}
{"name":"hexo","hostname":"vincedeiMac.local","pid":1598,"level":20,"msg":"Processed: \u001b[35mlayout/_macro/post.swig\u001b[39m","time":"2016-08-22T09:02:58.074Z","v":0}
{"name":"hexo","hostname":"vincedeiMac.local","pid":1598,"level":20,"msg":"Processed: \u001b[35mlayout/_macro/reward.swig\u001b[39m","time":"2016-08-22T09:02:58.074Z","v":0}
{"name":"hexo","hostname":"vincedeiMac.local","pid":1598,"level":20,"msg":"Processed: \u001b[35mlayout/_macro/sidebar.swig\u001b[39m","time":"2016-08-22T09:02:58.075Z","v":0}
{"name":"hexo","hostname":"vincedeiMac.local","pid":1598,"level":20,"msg":"Processed: \u001b[35mlayout/_macro/wechat-subscriber.swig\u001b[39m","time":"2016-08-22T09:02:58.075Z","v":0}
{"name":"hexo","hostname":"vincedeiMac.local","pid":1598,"level":20,"msg":"Processed: \u001b[35mlayout/_partials/comments.swig\u001b[39m","time":"2016-08-22T09:02:58.075Z","v":0}
{"name":"hexo","hostname":"vincedeiMac.local","pid":1598,"level":20,"msg":"Processed: \u001b[35mlayout/_partials/duoshuo-hot-articles.swig\u001b[39m","time":"2016-08-22T09:02:58.075Z","v":0}
{"name":"hexo","hostname":"vincedeiMac.local","pid":1598,"level":20,"msg":"Processed: \u001b[35mlayout/_partials/footer.swig\u001b[39m","time":"2016-08-22T09:02:58.075Z","v":0}
{"name":"hexo","hostname":"vincedeiMac.local","pid":1598,"level":20,"msg":"Processed: \u001b[35mlayout/_partials/head.swig\u001b[39m","time":"2016-08-22T09:02:58.075Z","v":0}
{"name":"hexo","hostname":"vincedeiMac.local","pid":1598,"level":20,"msg":"Processed: \u001b[35mlayout/_partials/pagination.swig\u001b[39m","time":"2016-08-22T09:02:58.075Z","v":0}
{"name":"hexo","hostname":"vincedeiMac.local","pid":1598,"level":20,"msg":"Processed: \u001b[35mlayout/_partials/header.swig\u001b[39m","time":"2016-08-22T09:02:58.075Z","v":0}
{"name":"hexo","hostname":"vincedeiMac.local","pid":1598,"level":20,"msg":"Processed: \u001b[35mlayout/_partials/search.swig\u001b[39m","time":"2016-08-22T09:02:58.075Z","v":0}
{"name":"hexo","hostname":"vincedeiMac.local","pid":1598,"level":20,"msg":"Processed: \u001b[35mlayout/_scripts/baidu-push.swig\u001b[39m","time":"2016-08-22T09:02:58.075Z","v":0}
{"name":"hexo","hostname":"vincedeiMac.local","pid":1598,"level":20,"msg":"Processed: \u001b[35mlayout/_scripts/boostrap.swig\u001b[39m","time":"2016-08-22T09:02:58.075Z","v":0}
{"name":"hexo","hostname":"vincedeiMac.local","pid":1598,"level":20,"msg":"Processed: \u001b[35mlayout/_scripts/commons.swig\u001b[39m","time":"2016-08-22T09:02:58.075Z","v":0}
{"name":"hexo","hostname":"vincedeiMac.local","pid":1598,"level":20,"msg":"Processed: \u001b[35mlayout/_scripts/vendors.swig\u001b[39m","time":"2016-08-22T09:02:58.075Z","v":0}
{"name":"hexo","hostname":"vincedeiMac.local","pid":1598,"level":20,"msg":"Processed: \u001b[35msource/js/src/schemes/pisces.js\u001b[39m","time":"2016-08-22T09:02:58.078Z","v":0}
{"name":"hexo","hostname":"vincedeiMac.local","pid":1598,"level":20,"msg":"Processed: \u001b[35msource/vendors/fancybox/source/blank.gif\u001b[39m","time":"2016-08-22T09:02:58.078Z","v":0}
{"name":"hexo","hostname":"vincedeiMac.local","pid":1598,"level":20,"msg":"Processed: \u001b[35msource/vendors/fancybox/source/fancybox_loading.gif\u001b[39m","time":"2016-08-22T09:02:58.078Z","v":0}
{"name":"hexo","hostname":"vincedeiMac.local","pid":1598,"level":20,"msg":"Processed: \u001b[35msource/vendors/fancybox/source/fancybox_loading@2x.gif\u001b[39m","time":"2016-08-22T09:02:58.078Z","v":0}
{"name":"hexo","hostname":"vincedeiMac.local","pid":1598,"level":20,"msg":"Processed: \u001b[35msource/vendors/fancybox/source/fancybox_overlay.png\u001b[39m","time":"2016-08-22T09:02:58.079Z","v":0}
{"name":"hexo","hostname":"vincedeiMac.local","pid":1598,"level":20,"msg":"Processed: \u001b[35msource/vendors/fancybox/source/fancybox_sprite.png\u001b[39m","time":"2016-08-22T09:02:58.079Z","v":0}
{"name":"hexo","hostname":"vincedeiMac.local","pid":1598,"level":20,"msg":"Processed: \u001b[35msource/vendors/fancybox/source/fancybox_sprite@2x.png\u001b[39m","time":"2016-08-22T09:02:58.079Z","v":0}
{"name":"hexo","hostname":"vincedeiMac.local","pid":1598,"level":20,"msg":"Processed: \u001b[35msource/vendors/fancybox/source/jquery.fancybox.js\u001b[39m","time":"2016-08-22T09:02:58.079Z","v":0}
{"name":"hexo","hostname":"vincedeiMac.local","pid":1598,"level":20,"msg":"Processed: \u001b[35msource/vendors/fancybox/source/jquery.fancybox.css\u001b[39m","time":"2016-08-22T09:02:58.079Z","v":0}
{"name":"hexo","hostname":"vincedeiMac.local","pid":1598,"level":20,"msg":"Processed: \u001b[35msource/vendors/fancybox/source/jquery.fancybox.pack.js\u001b[39m","time":"2016-08-22T09:02:58.079Z","v":0}
{"name":"hexo","hostname":"vincedeiMac.local","pid":1598,"level":20,"msg":"Processed: \u001b[35msource/vendors/fastclick/lib/fastclick.js\u001b[39m","time":"2016-08-22T09:02:58.080Z","v":0}
{"name":"hexo","hostname":"vincedeiMac.local","pid":1598,"level":20,"msg":"Processed: \u001b[35msource/vendors/fastclick/lib/fastclick.min.js\u001b[39m","time":"2016-08-22T09:02:58.080Z","v":0}
{"name":"hexo","hostname":"vincedeiMac.local","pid":1598,"level":20,"msg":"Processed: \u001b[35msource/vendors/font-awesome/css/font-awesome.css\u001b[39m","time":"2016-08-22T09:02:58.080Z","v":0}
{"name":"hexo","hostname":"vincedeiMac.local","pid":1598,"level":20,"msg":"Processed: \u001b[35msource/vendors/font-awesome/css/font-awesome.css.map\u001b[39m","time":"2016-08-22T09:02:58.080Z","v":0}
{"name":"hexo","hostname":"vincedeiMac.local","pid":1598,"level":20,"msg":"Processed: \u001b[35msource/vendors/font-awesome/css/font-awesome.min.css\u001b[39m","time":"2016-08-22T09:02:58.080Z","v":0}
{"name":"hexo","hostname":"vincedeiMac.local","pid":1598,"level":20,"msg":"Processed: \u001b[35msource/vendors/font-awesome/fonts/fontawesome-webfont.woff2\u001b[39m","time":"2016-08-22T09:02:58.080Z","v":0}
{"name":"hexo","hostname":"vincedeiMac.local","pid":1598,"level":20,"msg":"Processed: \u001b[35msource/vendors/ua-parser-js/dist/ua-parser.min.js\u001b[39m","time":"2016-08-22T09:02:58.080Z","v":0}
{"name":"hexo","hostname":"vincedeiMac.local","pid":1598,"level":20,"msg":"Processed: \u001b[35msource/vendors/ua-parser-js/dist/ua-parser.pack.js\u001b[39m","time":"2016-08-22T09:02:58.080Z","v":0}
{"name":"hexo","hostname":"vincedeiMac.local","pid":1598,"level":20,"msg":"Processed: \u001b[35mlayout/_scripts/schemes/mist.swig\u001b[39m","time":"2016-08-22T09:02:58.083Z","v":0}
{"name":"hexo","hostname":"vincedeiMac.local","pid":1598,"level":20,"msg":"Processed: \u001b[35mlayout/_scripts/schemes/muse.swig\u001b[39m","time":"2016-08-22T09:02:58.083Z","v":0}
{"name":"hexo","hostname":"vincedeiMac.local","pid":1598,"level":20,"msg":"Processed: \u001b[35msource/vendors/font-awesome/fonts/FontAwesome.otf\u001b[39m","time":"2016-08-22T09:02:58.084Z","v":0}
{"name":"hexo","hostname":"vincedeiMac.local","pid":1598,"level":20,"msg":"Processed: \u001b[35msource/vendors/font-awesome/fonts/fontawesome-webfont.eot\u001b[39m","time":"2016-08-22T09:02:58.084Z","v":0}
{"name":"hexo","hostname":"vincedeiMac.local","pid":1598,"level":20,"msg":"Processed: \u001b[35msource/vendors/font-awesome/fonts/fontawesome-webfont.woff\u001b[39m","time":"2016-08-22T09:02:58.084Z","v":0}
{"name":"hexo","hostname":"vincedeiMac.local","pid":1598,"level":20,"msg":"Processed: \u001b[35msource/vendors/velocity/velocity.js\u001b[39m","time":"2016-08-22T09:02:58.084Z","v":0}
{"name":"hexo","hostname":"vincedeiMac.local","pid":1598,"level":20,"msg":"Processed: \u001b[35mlayout/_partials/search/localsearch.swig\u001b[39m","time":"2016-08-22T09:02:58.093Z","v":0}
{"name":"hexo","hostname":"vincedeiMac.local","pid":1598,"level":20,"msg":"Processed: \u001b[35mlayout/_partials/head/external-fonts.swig\u001b[39m","time":"2016-08-22T09:02:58.093Z","v":0}
{"name":"hexo","hostname":"vincedeiMac.local","pid":1598,"level":20,"msg":"Processed: \u001b[35mlayout/_partials/search/swiftype.swig\u001b[39m","time":"2016-08-22T09:02:58.093Z","v":0}
{"name":"hexo","hostname":"vincedeiMac.local","pid":1598,"level":20,"msg":"Processed: \u001b[35mlayout/_partials/search/tinysou.swig\u001b[39m","time":"2016-08-22T09:02:58.093Z","v":0}
{"name":"hexo","hostname":"vincedeiMac.local","pid":1598,"level":20,"msg":"Processed: \u001b[35mlayout/_partials/share/add-this.swig\u001b[39m","time":"2016-08-22T09:02:58.093Z","v":0}
{"name":"hexo","hostname":"vincedeiMac.local","pid":1598,"level":20,"msg":"Processed: \u001b[35mlayout/_partials/share/baidushare.swig\u001b[39m","time":"2016-08-22T09:02:58.093Z","v":0}
{"name":"hexo","hostname":"vincedeiMac.local","pid":1598,"level":20,"msg":"Processed: \u001b[35mlayout/_partials/share/duoshuo_share.swig\u001b[39m","time":"2016-08-22T09:02:58.093Z","v":0}
{"name":"hexo","hostname":"vincedeiMac.local","pid":1598,"level":20,"msg":"Processed: \u001b[35mlayout/_partials/share/jiathis.swig\u001b[39m","time":"2016-08-22T09:02:58.093Z","v":0}
{"name":"hexo","hostname":"vincedeiMac.local","pid":1598,"level":20,"msg":"Processed: \u001b[35mlayout/_scripts/pages/post-details.swig\u001b[39m","time":"2016-08-22T09:02:58.093Z","v":0}
{"name":"hexo","hostname":"vincedeiMac.local","pid":1598,"level":20,"msg":"Processed: \u001b[35mlayout/_scripts/schemes/pisces.swig\u001b[39m","time":"2016-08-22T09:02:58.093Z","v":0}
{"name":"hexo","hostname":"vincedeiMac.local","pid":1598,"level":20,"msg":"Processed: \u001b[35mlayout/_scripts/third-party/analytics.swig\u001b[39m","time":"2016-08-22T09:02:58.094Z","v":0}
{"name":"hexo","hostname":"vincedeiMac.local","pid":1598,"level":20,"msg":"Processed: \u001b[35mlayout/_scripts/third-party/comments.swig\u001b[39m","time":"2016-08-22T09:02:58.094Z","v":0}
{"name":"hexo","hostname":"vincedeiMac.local","pid":1598,"level":20,"msg":"Processed: \u001b[35mlayout/_scripts/third-party/lean-analytics.swig\u001b[39m","time":"2016-08-22T09:02:58.094Z","v":0}
{"name":"hexo","hostname":"vincedeiMac.local","pid":1598,"level":20,"msg":"Processed: \u001b[35mlayout/_scripts/third-party/localsearch.swig\u001b[39m","time":"2016-08-22T09:02:58.094Z","v":0}
{"name":"hexo","hostname":"vincedeiMac.local","pid":1598,"level":20,"msg":"Processed: \u001b[35mlayout/_scripts/third-party/tinysou.swig\u001b[39m","time":"2016-08-22T09:02:58.094Z","v":0}
{"name":"hexo","hostname":"vincedeiMac.local","pid":1598,"level":20,"msg":"Processed: \u001b[35mlayout/_scripts/third-party/mathjax.swig\u001b[39m","time":"2016-08-22T09:02:58.095Z","v":0}
{"name":"hexo","hostname":"vincedeiMac.local","pid":1598,"level":20,"msg":"Processed: \u001b[35msource/vendors/fancybox/source/helpers/fancybox_buttons.png\u001b[39m","time":"2016-08-22T09:02:58.096Z","v":0}
{"name":"hexo","hostname":"vincedeiMac.local","pid":1598,"level":20,"msg":"Processed: \u001b[35msource/vendors/fancybox/source/helpers/jquery.fancybox-buttons.css\u001b[39m","time":"2016-08-22T09:02:58.097Z","v":0}
{"name":"hexo","hostname":"vincedeiMac.local","pid":1598,"level":20,"msg":"Processed: \u001b[35msource/vendors/fancybox/source/helpers/jquery.fancybox-buttons.js\u001b[39m","time":"2016-08-22T09:02:58.098Z","v":0}
{"name":"hexo","hostname":"vincedeiMac.local","pid":1598,"level":20,"msg":"Processed: \u001b[35msource/vendors/fancybox/source/helpers/jquery.fancybox-media.js\u001b[39m","time":"2016-08-22T09:02:58.098Z","v":0}
{"name":"hexo","hostname":"vincedeiMac.local","pid":1598,"level":20,"msg":"Processed: \u001b[35msource/vendors/fancybox/source/helpers/jquery.fancybox-thumbs.css\u001b[39m","time":"2016-08-22T09:02:58.098Z","v":0}
{"name":"hexo","hostname":"vincedeiMac.local","pid":1598,"level":20,"msg":"Processed: \u001b[35msource/vendors/fancybox/source/helpers/jquery.fancybox-thumbs.js\u001b[39m","time":"2016-08-22T09:02:58.098Z","v":0}
{"name":"hexo","hostname":"vincedeiMac.local","pid":1598,"level":20,"msg":"Processed: \u001b[35msource/vendors/font-awesome/fonts/fontawesome-webfont.ttf\u001b[39m","time":"2016-08-22T09:02:58.098Z","v":0}
{"name":"hexo","hostname":"vincedeiMac.local","pid":1598,"level":20,"msg":"Processed: \u001b[35mlayout/_scripts/third-party/analytics/baidu-analytics.swig\u001b[39m","time":"2016-08-22T09:02:58.103Z","v":0}
{"name":"hexo","hostname":"vincedeiMac.local","pid":1598,"level":20,"msg":"Processed: \u001b[35mlayout/_scripts/third-party/analytics/cnzz-analytics.swig\u001b[39m","time":"2016-08-22T09:02:58.103Z","v":0}
{"name":"hexo","hostname":"vincedeiMac.local","pid":1598,"level":20,"msg":"Processed: \u001b[35mlayout/_scripts/third-party/analytics/busuanzi-counter.swig\u001b[39m","time":"2016-08-22T09:02:58.103Z","v":0}
{"name":"hexo","hostname":"vincedeiMac.local","pid":1598,"level":20,"msg":"Processed: \u001b[35mlayout/_scripts/third-party/analytics/facebook-sdk.swig\u001b[39m","time":"2016-08-22T09:02:58.103Z","v":0}
{"name":"hexo","hostname":"vincedeiMac.local","pid":1598,"level":20,"msg":"Processed: \u001b[35mlayout/_scripts/third-party/analytics/google-analytics.swig\u001b[39m","time":"2016-08-22T09:02:58.103Z","v":0}
{"name":"hexo","hostname":"vincedeiMac.local","pid":1598,"level":20,"msg":"Processed: \u001b[35mlayout/_scripts/third-party/analytics/tencent-analytics.swig\u001b[39m","time":"2016-08-22T09:02:58.103Z","v":0}
{"name":"hexo","hostname":"vincedeiMac.local","pid":1598,"level":20,"msg":"Processed: \u001b[35mlayout/_scripts/third-party/comments/disqus.swig\u001b[39m","time":"2016-08-22T09:02:58.103Z","v":0}
{"name":"hexo","hostname":"vincedeiMac.local","pid":1598,"level":20,"msg":"Processed: \u001b[35mlayout/_scripts/third-party/comments/duoshuo.swig\u001b[39m","time":"2016-08-22T09:02:58.107Z","v":0}
{"name":"hexo","hostname":"vincedeiMac.local","pid":1598,"level":20,"msg":"Processed: \u001b[35msource/vendors/font-awesome/fonts/fontawesome-webfont.svg\u001b[39m","time":"2016-08-22T09:02:58.108Z","v":0}
{"name":"hexo","hostname":"vincedeiMac.local","pid":1598,"level":20,"msg":"Generator: \u001b[35mpage\u001b[39m","time":"2016-08-22T09:02:58.177Z","v":0}
{"name":"hexo","hostname":"vincedeiMac.local","pid":1598,"level":20,"msg":"Generator: \u001b[35mpost\u001b[39m","time":"2016-08-22T09:02:58.178Z","v":0}
{"name":"hexo","hostname":"vincedeiMac.local","pid":1598,"level":20,"msg":"Generator: \u001b[35marchive\u001b[39m","time":"2016-08-22T09:02:58.178Z","v":0}
{"name":"hexo","hostname":"vincedeiMac.local","pid":1598,"level":20,"msg":"Generator: \u001b[35mcategory\u001b[39m","time":"2016-08-22T09:02:58.178Z","v":0}
{"name":"hexo","hostname":"vincedeiMac.local","pid":1598,"level":20,"msg":"Generator: \u001b[35mindex\u001b[39m","time":"2016-08-22T09:02:58.178Z","v":0}
{"name":"hexo","hostname":"vincedeiMac.local","pid":1598,"level":20,"msg":"Generator: \u001b[35mtag\u001b[39m","time":"2016-08-22T09:02:58.178Z","v":0}
{"name":"hexo","hostname":"vincedeiMac.local","pid":1598,"level":20,"msg":"Generator: \u001b[35masset\u001b[39m","time":"2016-08-22T09:02:58.179Z","v":0}
{"name":"hexo","hostname":"vincedeiMac.local","pid":1598,"level":30,"msg":"Hexo is running at \u001b[4mhttp://localhost:4000/\u001b[24m. Press Ctrl+C to stop.","time":"2016-08-22T09:02:58.183Z","v":0}
{"name":"hexo","hostname":"vincedeiMac.local","pid":1598,"level":20,"msg":"Database saved","time":"2016-08-22T09:02:58.192Z","v":0}
{"name":"hexo","hostname":"vincedeiMac.local","pid":1598,"level":20,"msg":"Rendering index: \u001b[35mindex.html\u001b[39m","time":"2016-08-22T09:03:10.084Z","v":0}
{"name":"hexo","hostname":"vincedeiMac.local","pid":1598,"level":20,"msg":"Rendering index: \u001b[35mindex.html\u001b[39m","time":"2016-08-22T09:07:17.329Z","v":0}
{"name":"hexo","hostname":"vincedeiMac.local","pid":1598,"level":30,"msg":"See you again","time":"2016-08-22T09:07:23.481Z","v":0}
{"name":"hexo","hostname":"vincedeiMac.local","pid":1598,"level":20,"msg":"Database saved","time":"2016-08-22T09:07:23.501Z","v":0}
{"name":"hexo","hostname":"vincedeiMac.local","pid":1725,"level":20,"msg":"Hexo version: \u001b[35m3.2.2\u001b[39m","time":"2016-08-23T08:55:09.642Z","v":0}
{"name":"hexo","hostname":"vincedeiMac.local","pid":1725,"level":20,"msg":"Working directory: \u001b[35m~/blog/\u001b[39m","time":"2016-08-23T08:55:09.645Z","v":0}
{"name":"hexo","hostname":"vincedeiMac.local","pid":1725,"level":20,"msg":"Config loaded: \u001b[35m~/blog/_config.yml\u001b[39m","time":"2016-08-23T08:55:09.717Z","v":0}
{"name":"hexo","hostname":"vincedeiMac.local","pid":1725,"level":20,"msg":"Script loaded: \u001b[35mthemes/landscape/scripts/fancybox.js\u001b[39m","time":"2016-08-23T08:55:09.726Z","v":0}
{"name":"hexo","hostname":"vincedeiMac.local","pid":1725,"level":20,"msg":"Plugin loaded: \u001b[35mhexo-deployer-git\u001b[39m","time":"2016-08-23T08:55:09.728Z","v":0}
{"name":"hexo","hostname":"vincedeiMac.local","pid":1725,"level":20,"msg":"Plugin loaded: \u001b[35mhexo-generator-archive\u001b[39m","time":"2016-08-23T08:55:09.730Z","v":0}
{"name":"hexo","hostname":"vincedeiMac.local","pid":1725,"level":20,"msg":"Plugin loaded: \u001b[35mhexo-generator-category\u001b[39m","time":"2016-08-23T08:55:09.732Z","v":0}
{"name":"hexo","hostname":"vincedeiMac.local","pid":1725,"level":20,"msg":"Plugin loaded: \u001b[35mhexo-generator-index\u001b[39m","time":"2016-08-23T08:55:09.733Z","v":0}
{"name":"hexo","hostname":"vincedeiMac.local","pid":1725,"level":20,"msg":"Plugin loaded: \u001b[35mhexo-generator-tag\u001b[39m","time":"2016-08-23T08:55:09.734Z","v":0}
{"name":"hexo","hostname":"vincedeiMac.local","pid":1725,"level":20,"msg":"Plugin loaded: \u001b[35mhexo-renderer-ejs\u001b[39m","time":"2016-08-23T08:55:09.736Z","v":0}
{"name":"hexo","hostname":"vincedeiMac.local","pid":1725,"level":20,"msg":"Plugin loaded: \u001b[35mhexo-renderer-marked\u001b[39m","time":"2016-08-23T08:55:09.740Z","v":0}
{"name":"hexo","hostname":"vincedeiMac.local","pid":1725,"level":20,"msg":"Plugin loaded: \u001b[35mhexo-renderer-stylus\u001b[39m","time":"2016-08-23T08:55:09.741Z","v":0}
{"name":"hexo","hostname":"vincedeiMac.local","pid":1725,"level":20,"msg":"Plugin loaded: \u001b[35mhexo-server\u001b[39m","time":"2016-08-23T08:55:09.786Z","v":0}
{"name":"hexo","hostname":"vincedeiMac.local","pid":1725,"level":20,"msg":"Loading database.","time":"2016-08-23T08:55:09.793Z","v":0}
{"name":"hexo","hostname":"vincedeiMac.local","pid":1725,"level":30,"msg":"Start processing","time":"2016-08-23T08:55:09.853Z","v":0}
{"name":"hexo","hostname":"vincedeiMac.local","pid":1725,"level":20,"msg":"Processed: \u001b[35mabout/index.md\u001b[39m","time":"2016-08-23T08:55:09.892Z","v":0}
{"name":"hexo","hostname":"vincedeiMac.local","pid":1725,"level":20,"msg":"Processed: \u001b[35mcategories/index.md\u001b[39m","time":"2016-08-23T08:55:09.903Z","v":0}
{"name":"hexo","hostname":"vincedeiMac.local","pid":1725,"level":20,"msg":"Processed: \u001b[35m_posts/Rxjava学习：初识Rxjava.md\u001b[39m","time":"2016-08-23T08:55:09.903Z","v":0}
{"name":"hexo","hostname":"vincedeiMac.local","pid":1725,"level":20,"msg":"Processed: \u001b[35m_posts/hello-world.md\u001b[39m","time":"2016-08-23T08:55:09.903Z","v":0}
{"name":"hexo","hostname":"vincedeiMac.local","pid":1725,"level":20,"msg":"Processed: \u001b[35mtags/index.md\u001b[39m","time":"2016-08-23T08:55:09.903Z","v":0}
{"name":"hexo","hostname":"vincedeiMac.local","pid":1725,"level":20,"msg":"Theme config loaded.","time":"2016-08-23T08:55:10.017Z","v":0}
{"name":"hexo","hostname":"vincedeiMac.local","pid":1725,"level":20,"msg":"Processed: \u001b[35m_config.yml\u001b[39m","time":"2016-08-23T08:55:10.020Z","v":0}
{"name":"hexo","hostname":"vincedeiMac.local","pid":1725,"level":20,"msg":"Processed: \u001b[35msource/css/style.styl\u001b[39m","time":"2016-08-23T08:55:10.020Z","v":0}
{"name":"hexo","hostname":"vincedeiMac.local","pid":1725,"level":20,"msg":"Processed: \u001b[35msource/fancybox/fancybox_loading.gif\u001b[39m","time":"2016-08-23T08:55:10.020Z","v":0}
{"name":"hexo","hostname":"vincedeiMac.local","pid":1725,"level":20,"msg":"Processed: \u001b[35msource/fancybox/blank.gif\u001b[39m","time":"2016-08-23T08:55:10.021Z","v":0}
{"name":"hexo","hostname":"vincedeiMac.local","pid":1725,"level":20,"msg":"Processed: \u001b[35msource/fancybox/fancybox_loading@2x.gif\u001b[39m","time":"2016-08-23T08:55:10.021Z","v":0}
{"name":"hexo","hostname":"vincedeiMac.local","pid":1725,"level":20,"msg":"Processed: \u001b[35msource/fancybox/fancybox_overlay.png\u001b[39m","time":"2016-08-23T08:55:10.021Z","v":0}
{"name":"hexo","hostname":"vincedeiMac.local","pid":1725,"level":20,"msg":"Processed: \u001b[35msource/fancybox/fancybox_sprite.png\u001b[39m","time":"2016-08-23T08:55:10.022Z","v":0}
{"name":"hexo","hostname":"vincedeiMac.local","pid":1725,"level":20,"msg":"Processed: \u001b[35msource/fancybox/fancybox_sprite@2x.png\u001b[39m","time":"2016-08-23T08:55:10.022Z","v":0}
{"name":"hexo","hostname":"vincedeiMac.local","pid":1725,"level":20,"msg":"Processed: \u001b[35msource/fancybox/jquery.fancybox.css\u001b[39m","time":"2016-08-23T08:55:10.023Z","v":0}
{"name":"hexo","hostname":"vincedeiMac.local","pid":1725,"level":20,"msg":"Processed: \u001b[35msource/fancybox/jquery.fancybox.js\u001b[39m","time":"2016-08-23T08:55:10.023Z","v":0}
{"name":"hexo","hostname":"vincedeiMac.local","pid":1725,"level":20,"msg":"Processed: \u001b[35msource/js/script.js\u001b[39m","time":"2016-08-23T08:55:10.025Z","v":0}
{"name":"hexo","hostname":"vincedeiMac.local","pid":1725,"level":20,"msg":"Processed: \u001b[35msource/fancybox/jquery.fancybox.pack.js\u001b[39m","time":"2016-08-23T08:55:10.026Z","v":0}
{"name":"hexo","hostname":"vincedeiMac.local","pid":1725,"level":20,"msg":"Processed: \u001b[35mlayout/.DS_Store\u001b[39m","time":"2016-08-23T08:55:10.036Z","v":0}
{"name":"hexo","hostname":"vincedeiMac.local","pid":1725,"level":20,"msg":"Processed: \u001b[35mlayout/archive.ejs\u001b[39m","time":"2016-08-23T08:55:10.037Z","v":0}
{"name":"hexo","hostname":"vincedeiMac.local","pid":1725,"level":20,"msg":"Processed: \u001b[35mlayout/category.ejs\u001b[39m","time":"2016-08-23T08:55:10.037Z","v":0}
{"name":"hexo","hostname":"vincedeiMac.local","pid":1725,"level":20,"msg":"Processed: \u001b[35mlayout/layout.ejs\u001b[39m","time":"2016-08-23T08:55:10.037Z","v":0}
{"name":"hexo","hostname":"vincedeiMac.local","pid":1725,"level":20,"msg":"Processed: \u001b[35mlayout/index.ejs\u001b[39m","time":"2016-08-23T08:55:10.037Z","v":0}
{"name":"hexo","hostname":"vincedeiMac.local","pid":1725,"level":20,"msg":"Processed: \u001b[35mlayout/tag.ejs\u001b[39m","time":"2016-08-23T08:55:10.037Z","v":0}
{"name":"hexo","hostname":"vincedeiMac.local","pid":1725,"level":20,"msg":"Processed: \u001b[35mlayout/page.ejs\u001b[39m","time":"2016-08-23T08:55:10.037Z","v":0}
{"name":"hexo","hostname":"vincedeiMac.local","pid":1725,"level":20,"msg":"Processed: \u001b[35mlayout/post.ejs\u001b[39m","time":"2016-08-23T08:55:10.037Z","v":0}
{"name":"hexo","hostname":"vincedeiMac.local","pid":1725,"level":20,"msg":"Processed: \u001b[35mlanguages/default.yml\u001b[39m","time":"2016-08-23T08:55:10.044Z","v":0}
{"name":"hexo","hostname":"vincedeiMac.local","pid":1725,"level":20,"msg":"Processed: \u001b[35mlanguages/fr.yml\u001b[39m","time":"2016-08-23T08:55:10.044Z","v":0}
{"name":"hexo","hostname":"vincedeiMac.local","pid":1725,"level":20,"msg":"Processed: \u001b[35mlanguages/nl.yml\u001b[39m","time":"2016-08-23T08:55:10.044Z","v":0}
{"name":"hexo","hostname":"vincedeiMac.local","pid":1725,"level":20,"msg":"Processed: \u001b[35mlanguages/no.yml\u001b[39m","time":"2016-08-23T08:55:10.044Z","v":0}
{"name":"hexo","hostname":"vincedeiMac.local","pid":1725,"level":20,"msg":"Processed: \u001b[35mlanguages/ru.yml\u001b[39m","time":"2016-08-23T08:55:10.044Z","v":0}
{"name":"hexo","hostname":"vincedeiMac.local","pid":1725,"level":20,"msg":"Processed: \u001b[35mlanguages/zh-CN.yml\u001b[39m","time":"2016-08-23T08:55:10.044Z","v":0}
{"name":"hexo","hostname":"vincedeiMac.local","pid":1725,"level":20,"msg":"Processed: \u001b[35mlanguages/zh-TW.yml\u001b[39m","time":"2016-08-23T08:55:10.044Z","v":0}
{"name":"hexo","hostname":"vincedeiMac.local","pid":1725,"level":20,"msg":"Processed: \u001b[35msource/css/fonts/fontawesome-webfont.eot\u001b[39m","time":"2016-08-23T08:55:10.044Z","v":0}
{"name":"hexo","hostname":"vincedeiMac.local","pid":1725,"level":20,"msg":"Processed: \u001b[35msource/css/fonts/FontAwesome.otf\u001b[39m","time":"2016-08-23T08:55:10.045Z","v":0}
{"name":"hexo","hostname":"vincedeiMac.local","pid":1725,"level":20,"msg":"Processed: \u001b[35msource/css/fonts/fontawesome-webfont.woff\u001b[39m","time":"2016-08-23T08:55:10.045Z","v":0}
{"name":"hexo","hostname":"vincedeiMac.local","pid":1725,"level":20,"msg":"Processed: \u001b[35msource/fancybox/helpers/fancybox_buttons.png\u001b[39m","time":"2016-08-23T08:55:10.045Z","v":0}
{"name":"hexo","hostname":"vincedeiMac.local","pid":1725,"level":20,"msg":"Processed: \u001b[35msource/fancybox/helpers/jquery.fancybox-buttons.css\u001b[39m","time":"2016-08-23T08:55:10.046Z","v":0}
{"name":"hexo","hostname":"vincedeiMac.local","pid":1725,"level":20,"msg":"Processed: \u001b[35msource/fancybox/helpers/jquery.fancybox-buttons.js\u001b[39m","time":"2016-08-23T08:55:10.046Z","v":0}
{"name":"hexo","hostname":"vincedeiMac.local","pid":1725,"level":20,"msg":"Processed: \u001b[35msource/fancybox/helpers/jquery.fancybox-media.js\u001b[39m","time":"2016-08-23T08:55:10.046Z","v":0}
{"name":"hexo","hostname":"vincedeiMac.local","pid":1725,"level":20,"msg":"Processed: \u001b[35msource/fancybox/helpers/jquery.fancybox-thumbs.css\u001b[39m","time":"2016-08-23T08:55:10.046Z","v":0}
{"name":"hexo","hostname":"vincedeiMac.local","pid":1725,"level":20,"msg":"Processed: \u001b[35msource/fancybox/helpers/jquery.fancybox-thumbs.js\u001b[39m","time":"2016-08-23T08:55:10.047Z","v":0}
{"name":"hexo","hostname":"vincedeiMac.local","pid":1725,"level":20,"msg":"Processed: \u001b[35msource/css/fonts/fontawesome-webfont.ttf\u001b[39m","time":"2016-08-23T08:55:10.060Z","v":0}
{"name":"hexo","hostname":"vincedeiMac.local","pid":1725,"level":20,"msg":"Processed: \u001b[35mlayout/_partial/after-footer.ejs\u001b[39m","time":"2016-08-23T08:55:10.067Z","v":0}
{"name":"hexo","hostname":"vincedeiMac.local","pid":1725,"level":20,"msg":"Processed: \u001b[35mlayout/_partial/archive-post.ejs\u001b[39m","time":"2016-08-23T08:55:10.067Z","v":0}
{"name":"hexo","hostname":"vincedeiMac.local","pid":1725,"level":20,"msg":"Processed: \u001b[35mlayout/_partial/archive.ejs\u001b[39m","time":"2016-08-23T08:55:10.067Z","v":0}
{"name":"hexo","hostname":"vincedeiMac.local","pid":1725,"level":20,"msg":"Processed: \u001b[35mlayout/_partial/article.ejs\u001b[39m","time":"2016-08-23T08:55:10.067Z","v":0}
{"name":"hexo","hostname":"vincedeiMac.local","pid":1725,"level":20,"msg":"Processed: \u001b[35mlayout/_partial/footer.ejs\u001b[39m","time":"2016-08-23T08:55:10.067Z","v":0}
{"name":"hexo","hostname":"vincedeiMac.local","pid":1725,"level":20,"msg":"Processed: \u001b[35mlayout/_partial/google-analytics.ejs\u001b[39m","time":"2016-08-23T08:55:10.067Z","v":0}
{"name":"hexo","hostname":"vincedeiMac.local","pid":1725,"level":20,"msg":"Processed: \u001b[35mlayout/_partial/head.ejs\u001b[39m","time":"2016-08-23T08:55:10.067Z","v":0}
{"name":"hexo","hostname":"vincedeiMac.local","pid":1725,"level":20,"msg":"Processed: \u001b[35mlayout/_partial/header.ejs\u001b[39m","time":"2016-08-23T08:55:10.067Z","v":0}
{"name":"hexo","hostname":"vincedeiMac.local","pid":1725,"level":20,"msg":"Processed: \u001b[35mlayout/_partial/sidebar.ejs\u001b[39m","time":"2016-08-23T08:55:10.067Z","v":0}
{"name":"hexo","hostname":"vincedeiMac.local","pid":1725,"level":20,"msg":"Processed: \u001b[35mlayout/_partial/mobile-nav.ejs\u001b[39m","time":"2016-08-23T08:55:10.067Z","v":0}
{"name":"hexo","hostname":"vincedeiMac.local","pid":1725,"level":20,"msg":"Processed: \u001b[35mlayout/_widget/archive.ejs\u001b[39m","time":"2016-08-23T08:55:10.067Z","v":0}
{"name":"hexo","hostname":"vincedeiMac.local","pid":1725,"level":20,"msg":"Processed: \u001b[35mlayout/_widget/category.ejs\u001b[39m","time":"2016-08-23T08:55:10.067Z","v":0}
{"name":"hexo","hostname":"vincedeiMac.local","pid":1725,"level":20,"msg":"Processed: \u001b[35mlayout/_widget/recent_posts.ejs\u001b[39m","time":"2016-08-23T08:55:10.067Z","v":0}
{"name":"hexo","hostname":"vincedeiMac.local","pid":1725,"level":20,"msg":"Processed: \u001b[35mlayout/_widget/tag.ejs\u001b[39m","time":"2016-08-23T08:55:10.067Z","v":0}
{"name":"hexo","hostname":"vincedeiMac.local","pid":1725,"level":20,"msg":"Processed: \u001b[35mlayout/_widget/tagcloud.ejs\u001b[39m","time":"2016-08-23T08:55:10.067Z","v":0}
{"name":"hexo","hostname":"vincedeiMac.local","pid":1725,"level":20,"msg":"Processed: \u001b[35msource/css/fonts/fontawesome-webfont.svg\u001b[39m","time":"2016-08-23T08:55:10.068Z","v":0}
{"name":"hexo","hostname":"vincedeiMac.local","pid":1725,"level":20,"msg":"Processed: \u001b[35msource/css/images/banner.jpg\u001b[39m","time":"2016-08-23T08:55:10.068Z","v":0}
{"name":"hexo","hostname":"vincedeiMac.local","pid":1725,"level":20,"msg":"Processed: \u001b[35mlayout/_partial/post/category.ejs\u001b[39m","time":"2016-08-23T08:55:10.070Z","v":0}
{"name":"hexo","hostname":"vincedeiMac.local","pid":1725,"level":20,"msg":"Processed: \u001b[35mlayout/_partial/post/date.ejs\u001b[39m","time":"2016-08-23T08:55:10.070Z","v":0}
{"name":"hexo","hostname":"vincedeiMac.local","pid":1725,"level":20,"msg":"Processed: \u001b[35mlayout/_partial/post/gallery.ejs\u001b[39m","time":"2016-08-23T08:55:10.070Z","v":0}
{"name":"hexo","hostname":"vincedeiMac.local","pid":1725,"level":20,"msg":"Processed: \u001b[35mlayout/_partial/post/nav.ejs\u001b[39m","time":"2016-08-23T08:55:10.070Z","v":0}
{"name":"hexo","hostname":"vincedeiMac.local","pid":1725,"level":20,"msg":"Processed: \u001b[35mlayout/_partial/post/tag.ejs\u001b[39m","time":"2016-08-23T08:55:10.070Z","v":0}
{"name":"hexo","hostname":"vincedeiMac.local","pid":1725,"level":20,"msg":"Processed: \u001b[35mlayout/_partial/post/title.ejs\u001b[39m","time":"2016-08-23T08:55:10.071Z","v":0}
{"name":"hexo","hostname":"vincedeiMac.local","pid":1725,"level":20,"msg":"Generator: \u001b[35mpage\u001b[39m","time":"2016-08-23T08:55:10.097Z","v":0}
{"name":"hexo","hostname":"vincedeiMac.local","pid":1725,"level":20,"msg":"Generator: \u001b[35mpost\u001b[39m","time":"2016-08-23T08:55:10.097Z","v":0}
{"name":"hexo","hostname":"vincedeiMac.local","pid":1725,"level":20,"msg":"Generator: \u001b[35marchive\u001b[39m","time":"2016-08-23T08:55:10.097Z","v":0}
{"name":"hexo","hostname":"vincedeiMac.local","pid":1725,"level":20,"msg":"Generator: \u001b[35mcategory\u001b[39m","time":"2016-08-23T08:55:10.097Z","v":0}
{"name":"hexo","hostname":"vincedeiMac.local","pid":1725,"level":20,"msg":"Generator: \u001b[35mindex\u001b[39m","time":"2016-08-23T08:55:10.098Z","v":0}
{"name":"hexo","hostname":"vincedeiMac.local","pid":1725,"level":20,"msg":"Generator: \u001b[35mtag\u001b[39m","time":"2016-08-23T08:55:10.098Z","v":0}
{"name":"hexo","hostname":"vincedeiMac.local","pid":1725,"level":20,"msg":"Generator: \u001b[35masset\u001b[39m","time":"2016-08-23T08:55:10.098Z","v":0}
{"name":"hexo","hostname":"vincedeiMac.local","pid":1725,"level":30,"msg":"Hexo is running at \u001b[4mhttp://localhost:4000/\u001b[24m. Press Ctrl+C to stop.","time":"2016-08-23T08:55:10.104Z","v":0}
{"name":"hexo","hostname":"vincedeiMac.local","pid":1725,"level":20,"msg":"Database saved","time":"2016-08-23T08:55:10.112Z","v":0}
{"name":"hexo","hostname":"vincedeiMac.local","pid":1725,"level":20,"msg":"Rendering index: \u001b[35mindex.html\u001b[39m","time":"2016-08-23T08:55:21.935Z","v":0}
{"name":"hexo","hostname":"vincedeiMac.local","pid":1725,"level":30,"msg":"See you again","time":"2016-08-23T08:55:43.094Z","v":0}
{"name":"hexo","hostname":"vincedeiMac.local","pid":1725,"level":20,"msg":"Database saved","time":"2016-08-23T08:55:43.101Z","v":0}
